[debug] [2023-02-19T08:45:37.008Z] ----------------------------------------------------------------------
[debug] [2023-02-19T08:45:37.011Z] Command:       C:\Program Files\nodejs\node.exe C:\Users\Ali\AppData\Roaming\npm\node_modules\firebase-tools\lib\bin\firebase.js deploy
[debug] [2023-02-19T08:45:37.012Z] CLI Version:   11.22.0
[debug] [2023-02-19T08:45:37.012Z] Platform:      win32
[debug] [2023-02-19T08:45:37.012Z] Node Version:  v16.16.0
[debug] [2023-02-19T08:45:37.013Z] Time:          Sun Feb 19 2023 10:45:37 GMT+0200 (توقيت شرق أوروبا الرسمي)
[debug] [2023-02-19T08:45:37.013Z] ----------------------------------------------------------------------
[debug] 
[debug] [2023-02-19T08:45:37.102Z] > command requires scopes: ["email","openid","https://www.googleapis.com/auth/cloudplatformprojects.readonly","https://www.googleapis.com/auth/firebase","https://www.googleapis.com/auth/cloud-platform"]
[debug] [2023-02-19T08:45:37.102Z] > authorizing via signed-in user (alialaa932003@gmail.com)
[debug] [2023-02-19T08:45:37.102Z] [iam] checking project app-go-b75b9 for permissions ["firebase.projects.get","firebasehosting.sites.update"]
[debug] [2023-02-19T08:45:37.105Z] >>> [apiv2][query] POST https://cloudresourcemanager.googleapis.com/v1/projects/app-go-b75b9:testIamPermissions [none]
[debug] [2023-02-19T08:45:37.105Z] >>> [apiv2][(partial)header] POST https://cloudresourcemanager.googleapis.com/v1/projects/app-go-b75b9:testIamPermissions x-goog-quota-user=projects/app-go-b75b9
[debug] [2023-02-19T08:45:37.105Z] >>> [apiv2][body] POST https://cloudresourcemanager.googleapis.com/v1/projects/app-go-b75b9:testIamPermissions {"permissions":["firebase.projects.get","firebasehosting.sites.update"]}
[debug] [2023-02-19T08:45:43.073Z] <<< [apiv2][status] POST https://cloudresourcemanager.googleapis.com/v1/projects/app-go-b75b9:testIamPermissions 200
[debug] [2023-02-19T08:45:43.074Z] <<< [apiv2][body] POST https://cloudresourcemanager.googleapis.com/v1/projects/app-go-b75b9:testIamPermissions {"permissions":["firebase.projects.get","firebasehosting.sites.update"]}
[debug] [2023-02-19T08:45:43.075Z] >>> [apiv2][query] GET https://firebase.googleapis.com/v1beta1/projects/app-go-b75b9 [none]
[debug] [2023-02-19T08:45:45.219Z] <<< [apiv2][status] GET https://firebase.googleapis.com/v1beta1/projects/app-go-b75b9 200
[debug] [2023-02-19T08:45:45.219Z] <<< [apiv2][body] GET https://firebase.googleapis.com/v1beta1/projects/app-go-b75b9 {"projectId":"app-go-b75b9","projectNumber":"945555815692","displayName":"App-Go","name":"projects/app-go-b75b9","resources":{"hostingSite":"app-go-b75b9"},"state":"ACTIVE","etag":"1_4b4e34d6-6172-45ea-81ce-5f08b71e35fe"}
[info] 
[info] === Deploying to 'app-go-b75b9'...
[info] 
[info] i  deploying hosting 
[debug] [2023-02-19T08:45:45.225Z] >>> [apiv2][query] POST https://firebasehosting.googleapis.com/v1beta1/projects/-/sites/app-go-b75b9/versions [none]
[debug] [2023-02-19T08:45:45.225Z] >>> [apiv2][body] POST https://firebasehosting.googleapis.com/v1beta1/projects/-/sites/app-go-b75b9/versions {"status":"CREATED","labels":{"deployment-tool":"cli-firebase"}}
[debug] [2023-02-19T08:45:58.591Z] Error: Timed out.
    at Timeout._onTimeout (C:\Users\Ali\AppData\Roaming\npm\node_modules\firebase-tools\lib\utils.js:253:49)
    at listOnTimeout (node:internal/timers:559:17)
    at processTimers (node:internal/timers:502:7)
[error] 
[error] Error: An unexpected error has occurred.
